<?xml version="1.0" encoding="UTF-8"?>
<!-- Generated by org.testng.reporters.JUnitReportReporter -->
<testsuite hostname="DESKTOP-VIELCJO" failures="0" tests="1" name="com.Restassure_Practice.GetAllUsers" time="14.000" errors="0" timestamp="2023-01-23T13:18:52 IST" skipped="0">
  <testcase classname="com.Restassure_Practice.GetAllUsers" name="Test_02" time="14.000"/>
  <system-out/>
</testsuite> <!-- com.Restassure_Practice.GetAllUsers -->
