<?xml version="1.0" encoding="UTF-8"?>
<!-- Generated by org.testng.reporters.JUnitReportReporter -->
<testsuite hostname="DESKTOP-VIELCJO" failures="0" tests="1" name="com.Restassure_Practice.Test_Get" time="7.772" errors="0" timestamp="2023-01-23T17:43:36 IST" skipped="0">
  <testcase classname="com.Restassure_Practice.Test_Get" name="Test_01" time="7.772"/>
  <system-out/>
</testsuite> <!-- com.Restassure_Practice.Test_Get -->
