<?xml version="1.0" encoding="UTF-8"?>
<!-- Generated by org.testng.reporters.JUnitReportReporter -->
<testsuite hostname="DESKTOP-VIELCJO" failures="0" tests="1" name="java_extra_concepts.Serialization" time="16.953" errors="0" timestamp="2023-02-18T08:11:02 IST" skipped="0">
  <testcase classname="java_extra_concepts.Serialization" name="serilizations" time="16.953"/>
  <system-out/>
</testsuite> <!-- java_extra_concepts.Serialization -->
