<?xml version="1.0" encoding="UTF-8"?>
<!-- Generated by org.testng.reporters.JUnitReportReporter -->
<testsuite hostname="DESKTOP-VIELCJO" failures="0" tests="1" name="com.Restassure_Practice.GetAllUsers" time="7.826" errors="0" timestamp="2023-02-18T07:17:24 IST" skipped="0">
  <testcase classname="com.Restassure_Practice.GetAllUsers" name="Test_01" time="7.826"/>
  <system-out/>
</testsuite> <!-- com.Restassure_Practice.GetAllUsers -->
