<?xml version="1.0" encoding="UTF-8"?>
<!-- Generated by org.testng.reporters.JUnitReportReporter -->
<testsuite hostname="DESKTOP-VIELCJO" failures="0" tests="1" name="com.Restassure_Practice.Test_Post" time="7.865" errors="0" timestamp="2023-01-24T11:49:07 IST" skipped="0">
  <testcase classname="com.Restassure_Practice.Test_Post" name="Test02_Delete" time="7.865"/>
  <system-out/>
</testsuite> <!-- com.Restassure_Practice.Test_Post -->
