<?xml version="1.0" encoding="UTF-8"?>
<!-- Generated by org.testng.reporters.JUnitReportReporter -->
<testsuite hostname="DESKTOP-VIELCJO" failures="0" tests="2" name="com.Restassure_Practice.DataDrivenExample" time="5.022" errors="0" timestamp="2023-01-24T15:47:52 IST" skipped="0">
  <testcase classname="com.Restassure_Practice.DataDrivenExample" name="test_delete" time="0.063"/>
  <system-out/>
  <testcase classname="com.Restassure_Practice.DataDrivenExample" name="test_delete" time="4.959"/>
  <system-out/>
</testsuite> <!-- com.Restassure_Practice.DataDrivenExample -->
